0 info it worked if it ends with ok
1 verbose cli [ '/usr/local/Cellar/node/0.10.35_2/bin/node',
1 verbose cli   '/usr/local/bin/npm',
1 verbose cli   'install',
1 verbose cli   'gulp' ]
2 info using npm@3.8.2
3 info using node@v5.0.0
4 silly loadCurrentTree Starting
5 silly install loadCurrentTree
6 silly install readLocalPackageData
7 silly fetchPackageMetaData gulp@^3.9.0
8 silly fetchNamedPackageData gulp
9 silly mapToRegistry name gulp
10 silly mapToRegistry using default registry
11 silly mapToRegistry registry https://registry.npmjs.org/
12 silly mapToRegistry uri https://registry.npmjs.org/gulp
13 verbose request uri https://registry.npmjs.org/gulp
14 verbose request no auth needed
15 info attempt registry request try #1 at 7:23:55 AM
16 verbose request id 4f38418d09ec61ef
17 verbose etag "5NKJFE764ENWJIV6ORQ9GEKVM"
18 http request GET https://registry.npmjs.org/gulp
19 http 200 https://registry.npmjs.org/gulp
20 verbose headers { server: 'CouchDB/1.5.0 (Erlang OTP/R16B03)',
20 verbose headers   etag: '"E3SZ4YQZ584G2MQ1WJ1FJ5VN9"',
20 verbose headers   'content-type': 'application/json',
20 verbose headers   'content-encoding': 'gzip',
20 verbose headers   'cache-control': 'max-age=300',
20 verbose headers   'content-length': '18361',
20 verbose headers   'accept-ranges': 'bytes',
20 verbose headers   date: 'Wed, 01 Jun 2016 23:24:36 GMT',
20 verbose headers   via: '1.1 varnish',
20 verbose headers   age: '289',
20 verbose headers   connection: 'keep-alive',
20 verbose headers   'x-served-by': 'cache-lhr6321-LHR',
20 verbose headers   'x-cache': 'HIT',
20 verbose headers   'x-cache-hits': '1',
20 verbose headers   'x-timer': 'S1464823476.073256,VS0,VE0',
20 verbose headers   vary: 'Accept-Encoding' }
21 silly get cb [ 200,
21 silly get   { server: 'CouchDB/1.5.0 (Erlang OTP/R16B03)',
21 silly get     etag: '"E3SZ4YQZ584G2MQ1WJ1FJ5VN9"',
21 silly get     'content-type': 'application/json',
21 silly get     'content-encoding': 'gzip',
21 silly get     'cache-control': 'max-age=300',
21 silly get     'content-length': '18361',
21 silly get     'accept-ranges': 'bytes',
21 silly get     date: 'Wed, 01 Jun 2016 23:24:36 GMT',
21 silly get     via: '1.1 varnish',
21 silly get     age: '289',
21 silly get     connection: 'keep-alive',
21 silly get     'x-served-by': 'cache-lhr6321-LHR',
21 silly get     'x-cache': 'HIT',
21 silly get     'x-cache-hits': '1',
21 silly get     'x-timer': 'S1464823476.073256,VS0,VE0',
21 silly get     vary: 'Accept-Encoding' } ]
22 verbose get saving gulp to /Users/bmy/.npm/registry.npmjs.org/gulp/.cache.json
23 verbose correctMkdir /Users/bmy/.npm correctMkdir not in flight; initializing
24 silly install normalizeTree
25 silly loadCurrentTree Finishing
26 silly loadIdealTree Starting
27 silly install loadIdealTree
28 silly cloneCurrentTree Starting
29 silly install cloneCurrentTreeToIdealTree
30 silly cloneCurrentTree Finishing
31 silly loadShrinkwrap Starting
32 silly install loadShrinkwrap
33 silly loadShrinkwrap Finishing
34 silly loadAllDepsIntoIdealTree Starting
35 silly install loadAllDepsIntoIdealTree
36 silly resolveWithNewModule gulp@3.9.1 checking installable status
37 silly cache add args [ 'gulp@^3.9.0', null ]
38 verbose cache add spec gulp@^3.9.0
39 silly cache add parsed spec Result {
39 silly cache add   raw: 'gulp@^3.9.0',
39 silly cache add   scope: null,
39 silly cache add   name: 'gulp',
39 silly cache add   rawSpec: '^3.9.0',
39 silly cache add   spec: '>=3.9.0 <4.0.0',
39 silly cache add   type: 'range' }
40 silly addNamed gulp@>=3.9.0 <4.0.0
41 verbose addNamed ">=3.9.0 <4.0.0" is a valid semver range for gulp
42 silly addNameRange { name: 'gulp', range: '>=3.9.0 <4.0.0', hasData: false }
43 silly mapToRegistry name gulp
44 silly mapToRegistry using default registry
45 silly mapToRegistry registry https://registry.npmjs.org/
46 silly mapToRegistry uri https://registry.npmjs.org/gulp
47 verbose addNameRange registry:https://registry.npmjs.org/gulp not in flight; fetching
48 verbose get https://registry.npmjs.org/gulp not expired, no request
49 silly addNameRange number 2 { name: 'gulp', range: '>=3.9.0 <4.0.0', hasData: true }
50 silly addNameRange versions [ 'gulp',
50 silly addNameRange   [ '0.0.1',
50 silly addNameRange     '0.0.2',
50 silly addNameRange     '0.0.3',
50 silly addNameRange     '0.0.4',
50 silly addNameRange     '0.0.5',
50 silly addNameRange     '0.0.7',
50 silly addNameRange     '0.0.8',
50 silly addNameRange     '0.0.9',
50 silly addNameRange     '0.1.0',
50 silly addNameRange     '0.2.0',
50 silly addNameRange     '1.0.0',
50 silly addNameRange     '1.1.0',
50 silly addNameRange     '1.2.0',
50 silly addNameRange     '1.2.1',
50 silly addNameRange     '2.0.0',
50 silly addNameRange     '2.0.1',
50 silly addNameRange     '2.1.0',
50 silly addNameRange     '2.2.0',
50 silly addNameRange     '2.3.0',
50 silly addNameRange     '2.4.0',
50 silly addNameRange     '2.4.1',
50 silly addNameRange     '2.6.0',
50 silly addNameRange     '2.6.1',
50 silly addNameRange     '2.7.0',
50 silly addNameRange     '3.0.0',
50 silly addNameRange     '3.1.1',
50 silly addNameRange     '3.1.2',
50 silly addNameRange     '3.1.3',
50 silly addNameRange     '3.1.4',
50 silly addNameRange     '3.2.0',
50 silly addNameRange     '3.2.1',
50 silly addNameRange     '3.2.2',
50 silly addNameRange     '3.2.3',
50 silly addNameRange     '3.2.4',
50 silly addNameRange     '3.2.5',
50 silly addNameRange     '3.3.0',
50 silly addNameRange     '3.3.1',
50 silly addNameRange     '3.3.2',
50 silly addNameRange     '3.3.4',
50 silly addNameRange     '3.4.0',
50 silly addNameRange     '3.5.0',
50 silly addNameRange     '3.5.1',
50 silly addNameRange     '3.5.2',
50 silly addNameRange     '3.5.5',
50 silly addNameRange     '3.5.6',
50 silly addNameRange     '3.6.0',
50 silly addNameRange     '3.6.1',
50 silly addNameRange     '3.6.2',
50 silly addNameRange     '3.7.0',
50 silly addNameRange     '3.8.0',
50 silly addNameRange     '3.8.1',
50 silly addNameRange     '3.8.2',
50 silly addNameRange     '3.8.3',
50 silly addNameRange     '3.8.4',
50 silly addNameRange     '3.8.5',
50 silly addNameRange     '3.8.6',
50 silly addNameRange     '3.8.7',
50 silly addNameRange     '3.8.8',
50 silly addNameRange     '3.8.9',
50 silly addNameRange     '3.8.10',
50 silly addNameRange     '3.8.11',
50 silly addNameRange     '3.9.0',
50 silly addNameRange     '3.9.1' ] ]
51 silly addNamed gulp@3.9.1
52 verbose addNamed "3.9.1" is a plain semver version for gulp
53 silly cache afterAdd gulp@3.9.1
54 verbose afterAdd /Users/bmy/.npm/gulp/3.9.1/package/package.json not in flight; writing
55 verbose correctMkdir /Users/bmy/.npm correctMkdir not in flight; initializing
56 verbose afterAdd /Users/bmy/.npm/gulp/3.9.1/package/package.json written
57 silly fetchNamedPackageData archy
58 silly mapToRegistry name archy
59 silly mapToRegistry using default registry
60 silly mapToRegistry registry https://registry.npmjs.org/
61 silly mapToRegistry uri https://registry.npmjs.org/archy
62 silly fetchNamedPackageData chalk
63 silly mapToRegistry name chalk
64 silly mapToRegistry using default registry
65 silly mapToRegistry registry https://registry.npmjs.org/
66 silly mapToRegistry uri https://registry.npmjs.org/chalk
67 silly fetchNamedPackageData deprecated
68 silly mapToRegistry name deprecated
69 silly mapToRegistry using default registry
70 silly mapToRegistry registry https://registry.npmjs.org/
71 silly mapToRegistry uri https://registry.npmjs.org/deprecated
72 silly fetchNamedPackageData gulp-util
73 silly mapToRegistry name gulp-util
74 silly mapToRegistry using default registry
75 silly mapToRegistry registry https://registry.npmjs.org/
76 silly mapToRegistry uri https://registry.npmjs.org/gulp-util
77 silly fetchNamedPackageData interpret
78 silly mapToRegistry name interpret
79 silly mapToRegistry using default registry
80 silly mapToRegistry registry https://registry.npmjs.org/
81 silly mapToRegistry uri https://registry.npmjs.org/interpret
82 silly fetchNamedPackageData liftoff
83 silly mapToRegistry name liftoff
84 silly mapToRegistry using default registry
85 silly mapToRegistry registry https://registry.npmjs.org/
86 silly mapToRegistry uri https://registry.npmjs.org/liftoff
87 silly fetchNamedPackageData minimist
88 silly mapToRegistry name minimist
89 silly mapToRegistry using default registry
90 silly mapToRegistry registry https://registry.npmjs.org/
91 silly mapToRegistry uri https://registry.npmjs.org/minimist
92 silly fetchNamedPackageData orchestrator
93 silly mapToRegistry name orchestrator
94 silly mapToRegistry using default registry
95 silly mapToRegistry registry https://registry.npmjs.org/
96 silly mapToRegistry uri https://registry.npmjs.org/orchestrator
97 silly fetchNamedPackageData pretty-hrtime
98 silly mapToRegistry name pretty-hrtime
99 silly mapToRegistry using default registry
100 silly mapToRegistry registry https://registry.npmjs.org/
101 silly mapToRegistry uri https://registry.npmjs.org/pretty-hrtime
102 silly fetchNamedPackageData semver
103 silly mapToRegistry name semver
104 silly mapToRegistry using default registry
105 silly mapToRegistry registry https://registry.npmjs.org/
106 silly mapToRegistry uri https://registry.npmjs.org/semver
107 silly fetchNamedPackageData tildify
108 silly mapToRegistry name tildify
109 silly mapToRegistry using default registry
110 silly mapToRegistry registry https://registry.npmjs.org/
111 silly mapToRegistry uri https://registry.npmjs.org/tildify
112 silly fetchNamedPackageData v8flags
113 silly mapToRegistry name v8flags
114 silly mapToRegistry using default registry
115 silly mapToRegistry registry https://registry.npmjs.org/
116 silly mapToRegistry uri https://registry.npmjs.org/v8flags
117 silly fetchNamedPackageData vinyl-fs
118 silly mapToRegistry name vinyl-fs
119 silly mapToRegistry using default registry
120 silly mapToRegistry registry https://registry.npmjs.org/
121 silly mapToRegistry uri https://registry.npmjs.org/vinyl-fs
122 verbose request uri https://registry.npmjs.org/deprecated
123 verbose request no auth needed
124 info attempt registry request try #1 at 7:24:36 AM
125 verbose etag "A0OJGOUI3CITZE9IYTTE44C2U"
126 http request GET https://registry.npmjs.org/deprecated
127 verbose request uri https://registry.npmjs.org/chalk
128 verbose request no auth needed
129 info attempt registry request try #1 at 7:24:36 AM
130 verbose etag "26L69XTVU1Z2LTHASCYGCOFIV"
131 http request GET https://registry.npmjs.org/chalk
132 verbose request uri https://registry.npmjs.org/archy
133 verbose request no auth needed
134 info attempt registry request try #1 at 7:24:36 AM
135 verbose etag "EE8VL8P4QJLV1EFN701P921M5"
136 http request GET https://registry.npmjs.org/archy
137 verbose request uri https://registry.npmjs.org/gulp-util
138 verbose request no auth needed
139 info attempt registry request try #1 at 7:24:36 AM
140 verbose etag "5PA1SKZCGG3N87G2QJPIVN0QJ"
141 http request GET https://registry.npmjs.org/gulp-util
142 verbose request uri https://registry.npmjs.org/minimist
143 verbose request no auth needed
144 info attempt registry request try #1 at 7:24:36 AM
145 verbose etag "CE5P813YRALRFP5UQFG6Q3DG"
146 http request GET https://registry.npmjs.org/minimist
147 verbose request uri https://registry.npmjs.org/interpret
148 verbose request no auth needed
149 info attempt registry request try #1 at 7:24:36 AM
150 verbose etag "6OMB7EGGRO1EVB5KZMER48B7L"
151 http request GET https://registry.npmjs.org/interpret
152 verbose request uri https://registry.npmjs.org/liftoff
153 verbose request no auth needed
154 info attempt registry request try #1 at 7:24:36 AM
155 verbose etag "9PXOTSCB0Q2T8UNV2VVQKPBT9"
156 http request GET https://registry.npmjs.org/liftoff
157 verbose request uri https://registry.npmjs.org/orchestrator
158 verbose request no auth needed
159 info attempt registry request try #1 at 7:24:36 AM
160 verbose etag "3RGE0FPJ0S1JQ6ZYZXQUELXT9"
161 http request GET https://registry.npmjs.org/orchestrator
162 verbose request uri https://registry.npmjs.org/pretty-hrtime
163 verbose request no auth needed
164 info attempt registry request try #1 at 7:24:36 AM
165 verbose etag "E3IU39SLDGJ0XO2KU2UA9O6HV"
166 http request GET https://registry.npmjs.org/pretty-hrtime
167 verbose request uri https://registry.npmjs.org/semver
168 verbose request no auth needed
169 info attempt registry request try #1 at 7:24:36 AM
170 verbose etag "F18Y2PI7YVD5GOPZG6SANBDX0"
171 http request GET https://registry.npmjs.org/semver
172 verbose request uri https://registry.npmjs.org/tildify
173 verbose request no auth needed
174 info attempt registry request try #1 at 7:24:36 AM
175 verbose etag "2CC2F7FW8M2IW3LNQX9B1US1H"
176 http request GET https://registry.npmjs.org/tildify
177 verbose request uri https://registry.npmjs.org/v8flags
178 verbose request no auth needed
179 info attempt registry request try #1 at 7:24:36 AM
180 verbose etag "91F3IR7KMPQ3PHAK5CI86KDXJ"
181 http request GET https://registry.npmjs.org/v8flags
182 verbose request uri https://registry.npmjs.org/vinyl-fs
183 verbose request no auth needed
184 info attempt registry request try #1 at 7:24:36 AM
185 verbose etag "5N253EKGGEZIZEDRQN3VE0PRZ"
186 http request GET https://registry.npmjs.org/vinyl-fs
187 http 200 https://registry.npmjs.org/gulp-util
188 verbose headers { server: 'CouchDB/1.5.0 (Erlang OTP/R16B03)',
188 verbose headers   etag: '"D5TOOQFT755D32UG9UDTQFHY2"',
188 verbose headers   'content-type': 'application/json',
188 verbose headers   'content-encoding': 'gzip',
188 verbose headers   'cache-control': 'max-age=300',
188 verbose headers   'content-length': '9126',
188 verbose headers   'accept-ranges': 'bytes',
188 verbose headers   date: 'Wed, 01 Jun 2016 23:24:38 GMT',
188 verbose headers   via: '1.1 varnish',
188 verbose headers   age: '116',
188 verbose headers   connection: 'keep-alive',
188 verbose headers   'x-served-by': 'cache-lhr6329-LHR',
188 verbose headers   'x-cache': 'HIT',
188 verbose headers   'x-cache-hits': '1',
188 verbose headers   'x-timer': 'S1464823478.092331,VS0,VE0',
188 verbose headers   vary: 'Accept-Encoding' }
189 silly get cb [ 200,
189 silly get   { server: 'CouchDB/1.5.0 (Erlang OTP/R16B03)',
189 silly get     etag: '"D5TOOQFT755D32UG9UDTQFHY2"',
189 silly get     'content-type': 'application/json',
189 silly get     'content-encoding': 'gzip',
189 silly get     'cache-control': 'max-age=300',
189 silly get     'content-length': '9126',
189 silly get     'accept-ranges': 'bytes',
189 silly get     date: 'Wed, 01 Jun 2016 23:24:38 GMT',
189 silly get     via: '1.1 varnish',
189 silly get     age: '116',
189 silly get     connection: 'keep-alive',
189 silly get     'x-served-by': 'cache-lhr6329-LHR',
189 silly get     'x-cache': 'HIT',
189 silly get     'x-cache-hits': '1',
189 silly get     'x-timer': 'S1464823478.092331,VS0,VE0',
189 silly get     vary: 'Accept-Encoding' } ]
190 verbose get saving gulp-util to /Users/bmy/.npm/registry.npmjs.org/gulp-util/.cache.json
191 verbose correctMkdir /Users/bmy/.npm correctMkdir not in flight; initializing
192 http 200 https://registry.npmjs.org/pretty-hrtime
193 verbose headers { server: 'CouchDB/1.5.0 (Erlang OTP/R16B03)',
193 verbose headers   etag: '"BULRS3VUZ0BLB6DKZRQDCSYZ5"',
193 verbose headers   'content-type': 'application/json',
193 verbose headers   'content-encoding': 'gzip',
193 verbose headers   'cache-control': 'max-age=300',
193 verbose headers   'content-length': '2702',
193 verbose headers   'accept-ranges': 'bytes',
193 verbose headers   date: 'Wed, 01 Jun 2016 23:24:38 GMT',
193 verbose headers   via: '1.1 varnish',
193 verbose headers   age: '176',
193 verbose headers   connection: 'keep-alive',
193 verbose headers   'x-served-by': 'cache-lhr6345-LHR',
193 verbose headers   'x-cache': 'HIT',
193 verbose headers   'x-cache-hits': '2',
193 verbose headers   'x-timer': 'S1464823478.096881,VS0,VE0',
193 verbose headers   vary: 'Accept-Encoding' }
194 silly get cb [ 200,
194 silly get   { server: 'CouchDB/1.5.0 (Erlang OTP/R16B03)',
194 silly get     etag: '"BULRS3VUZ0BLB6DKZRQDCSYZ5"',
194 silly get     'content-type': 'application/json',
194 silly get     'content-encoding': 'gzip',
194 silly get     'cache-control': 'max-age=300',
194 silly get     'content-length': '2702',
194 silly get     'accept-ranges': 'bytes',
194 silly get     date: 'Wed, 01 Jun 2016 23:24:38 GMT',
194 silly get     via: '1.1 varnish',
194 silly get     age: '176',
194 silly get     connection: 'keep-alive',
194 silly get     'x-served-by': 'cache-lhr6345-LHR',
194 silly get     'x-cache': 'HIT',
194 silly get     'x-cache-hits': '2',
194 silly get     'x-timer': 'S1464823478.096881,VS0,VE0',
194 silly get     vary: 'Accept-Encoding' } ]
195 verbose get saving pretty-hrtime to /Users/bmy/.npm/registry.npmjs.org/pretty-hrtime/.cache.json
196 verbose correctMkdir /Users/bmy/.npm correctMkdir not in flight; initializing
197 http 304 https://registry.npmjs.org/v8flags
198 verbose headers { date: 'Wed, 01 Jun 2016 23:24:38 GMT',
198 verbose headers   via: '1.1 varnish',
198 verbose headers   'cache-control': 'max-age=300',
198 verbose headers   etag: '"91F3IR7KMPQ3PHAK5CI86KDXJ"',
198 verbose headers   age: '208',
198 verbose headers   connection: 'keep-alive',
198 verbose headers   'x-served-by': 'cache-lhr6339-LHR',
198 verbose headers   'x-cache': 'HIT',
198 verbose headers   'x-cache-hits': '2',
198 verbose headers   'x-timer': 'S1464823478.099070,VS0,VE0',
198 verbose headers   vary: 'Accept-Encoding' }
199 silly get cb [ 304,
199 silly get   { date: 'Wed, 01 Jun 2016 23:24:38 GMT',
199 silly get     via: '1.1 varnish',
199 silly get     'cache-control': 'max-age=300',
199 silly get     etag: '"91F3IR7KMPQ3PHAK5CI86KDXJ"',
199 silly get     age: '208',
199 silly get     connection: 'keep-alive',
199 silly get     'x-served-by': 'cache-lhr6339-LHR',
199 silly get     'x-cache': 'HIT',
199 silly get     'x-cache-hits': '2',
199 silly get     'x-timer': 'S1464823478.099070,VS0,VE0',
199 silly get     vary: 'Accept-Encoding' } ]
200 verbose etag https://registry.npmjs.org/v8flags from cache
201 verbose get saving v8flags to /Users/bmy/.npm/registry.npmjs.org/v8flags/.cache.json
202 verbose correctMkdir /Users/bmy/.npm correctMkdir not in flight; initializing
203 silly resolveWithNewModule gulp-util@3.0.7 checking installable status
204 silly cache add args [ 'gulp-util@^3.0.0', null ]
205 verbose cache add spec gulp-util@^3.0.0
206 silly cache add parsed spec Result {
206 silly cache add   raw: 'gulp-util@^3.0.0',
206 silly cache add   scope: null,
206 silly cache add   name: 'gulp-util',
206 silly cache add   rawSpec: '^3.0.0',
206 silly cache add   spec: '>=3.0.0 <4.0.0',
206 silly cache add   type: 'range' }
207 silly addNamed gulp-util@>=3.0.0 <4.0.0
208 verbose addNamed ">=3.0.0 <4.0.0" is a valid semver range for gulp-util
209 silly addNameRange { name: 'gulp-util', range: '>=3.0.0 <4.0.0', hasData: false }
210 silly mapToRegistry name gulp-util
211 silly mapToRegistry using default registry
212 silly mapToRegistry registry https://registry.npmjs.org/
213 silly mapToRegistry uri https://registry.npmjs.org/gulp-util
214 verbose addNameRange registry:https://registry.npmjs.org/gulp-util not in flight; fetching
215 silly resolveWithNewModule pretty-hrtime@1.0.2 checking installable status
216 silly cache add args [ 'pretty-hrtime@^1.0.0', null ]
217 verbose cache add spec pretty-hrtime@^1.0.0
218 silly cache add parsed spec Result {
218 silly cache add   raw: 'pretty-hrtime@^1.0.0',
218 silly cache add   scope: null,
218 silly cache add   name: 'pretty-hrtime',
218 silly cache add   rawSpec: '^1.0.0',
218 silly cache add   spec: '>=1.0.0 <2.0.0',
218 silly cache add   type: 'range' }
219 silly addNamed pretty-hrtime@>=1.0.0 <2.0.0
220 verbose addNamed ">=1.0.0 <2.0.0" is a valid semver range for pretty-hrtime
221 silly addNameRange { name: 'pretty-hrtime',
221 silly addNameRange   range: '>=1.0.0 <2.0.0',
221 silly addNameRange   hasData: false }
222 silly mapToRegistry name pretty-hrtime
223 silly mapToRegistry using default registry
224 silly mapToRegistry registry https://registry.npmjs.org/
225 silly mapToRegistry uri https://registry.npmjs.org/pretty-hrtime
226 verbose addNameRange registry:https://registry.npmjs.org/pretty-hrtime not in flight; fetching
227 http 200 https://registry.npmjs.org/deprecated
228 verbose headers { server: 'CouchDB/1.5.0 (Erlang OTP/R16B03)',
228 verbose headers   etag: '"6QCPTA6GEJI4OCPMKXNHFBZDQ"',
228 verbose headers   'content-type': 'application/json',
228 verbose headers   'content-encoding': 'gzip',
228 verbose headers   'cache-control': 'max-age=300',
228 verbose headers   'content-length': '865',
228 verbose headers   'accept-ranges': 'bytes',
228 verbose headers   date: 'Wed, 01 Jun 2016 23:24:38 GMT',
228 verbose headers   via: '1.1 varnish',
228 verbose headers   age: '70',
228 verbose headers   connection: 'keep-alive',
228 verbose headers   'x-served-by': 'cache-lhr6327-LHR',
228 verbose headers   'x-cache': 'HIT',
228 verbose headers   'x-cache-hits': '1',
228 verbose headers   'x-timer': 'S1464823478.120004,VS0,VE0',
228 verbose headers   vary: 'Accept-Encoding' }
229 silly get cb [ 200,
229 silly get   { server: 'CouchDB/1.5.0 (Erlang OTP/R16B03)',
229 silly get     etag: '"6QCPTA6GEJI4OCPMKXNHFBZDQ"',
229 silly get     'content-type': 'application/json',
229 silly get     'content-encoding': 'gzip',
229 silly get     'cache-control': 'max-age=300',
229 silly get     'content-length': '865',
229 silly get     'accept-ranges': 'bytes',
229 silly get     date: 'Wed, 01 Jun 2016 23:24:38 GMT',
229 silly get     via: '1.1 varnish',
229 silly get     age: '70',
229 silly get     connection: 'keep-alive',
229 silly get     'x-served-by': 'cache-lhr6327-LHR',
229 silly get     'x-cache': 'HIT',
229 silly get     'x-cache-hits': '1',
229 silly get     'x-timer': 'S1464823478.120004,VS0,VE0',
229 silly get     vary: 'Accept-Encoding' } ]
230 verbose get saving deprecated to /Users/bmy/.npm/registry.npmjs.org/deprecated/.cache.json
231 verbose correctMkdir /Users/bmy/.npm correctMkdir not in flight; initializing
232 http 200 https://registry.npmjs.org/tildify
233 verbose headers { server: 'CouchDB/1.5.0 (Erlang OTP/R16B03)',
233 verbose headers   etag: '"RPKL3CPN6JCDFLKV7TJ9T3XT"',
233 verbose headers   'content-type': 'application/json',
233 verbose headers   'content-encoding': 'gzip',
233 verbose headers   'cache-control': 'max-age=300',
233 verbose headers   'content-length': '2040',
233 verbose headers   'accept-ranges': 'bytes',
233 verbose headers   date: 'Wed, 01 Jun 2016 23:24:38 GMT',
233 verbose headers   via: '1.1 varnish',
233 verbose headers   age: '177',
233 verbose headers   connection: 'keep-alive',
233 verbose headers   'x-served-by': 'cache-lhr6343-LHR',
233 verbose headers   'x-cache': 'HIT',
233 verbose headers   'x-cache-hits': '1',
233 verbose headers   'x-timer': 'S1464823478.122945,VS0,VE0',
233 verbose headers   vary: 'Accept-Encoding' }
234 silly get cb [ 200,
234 silly get   { server: 'CouchDB/1.5.0 (Erlang OTP/R16B03)',
234 silly get     etag: '"RPKL3CPN6JCDFLKV7TJ9T3XT"',
234 silly get     'content-type': 'application/json',
234 silly get     'content-encoding': 'gzip',
234 silly get     'cache-control': 'max-age=300',
234 silly get     'content-length': '2040',
234 silly get     'accept-ranges': 'bytes',
234 silly get     date: 'Wed, 01 Jun 2016 23:24:38 GMT',
234 silly get     via: '1.1 varnish',
234 silly get     age: '177',
234 silly get     connection: 'keep-alive',
234 silly get     'x-served-by': 'cache-lhr6343-LHR',
234 silly get     'x-cache': 'HIT',
234 silly get     'x-cache-hits': '1',
234 silly get     'x-timer': 'S1464823478.122945,VS0,VE0',
234 silly get     vary: 'Accept-Encoding' } ]
235 verbose get saving tildify to /Users/bmy/.npm/registry.npmjs.org/tildify/.cache.json
236 verbose correctMkdir /Users/bmy/.npm correctMkdir not in flight; initializing
237 verbose get https://registry.npmjs.org/gulp-util not expired, no request
238 silly addNameRange number 2 { name: 'gulp-util', range: '>=3.0.0 <4.0.0', hasData: true }
239 silly addNameRange versions [ 'gulp-util',
239 silly addNameRange   [ '0.0.1',
239 silly addNameRange     '1.0.0',
239 silly addNameRange     '1.1.0',
239 silly addNameRange     '1.1.1',
239 silly addNameRange     '1.2.0',
239 silly addNameRange     '1.3.0',
239 silly addNameRange     '2.0.0',
239 silly addNameRange     '2.1.1',
239 silly addNameRange     '2.1.2',
239 silly addNameRange     '2.1.3',
239 silly addNameRange     '2.1.4',
239 silly addNameRange     '2.2.0',
239 silly addNameRange     '2.2.1',
239 silly addNameRange     '2.2.2',
239 silly addNameRange     '2.2.3',
239 silly addNameRange     '2.2.5',
239 silly addNameRange     '2.2.6',
239 silly addNameRange     '2.2.7',
239 silly addNameRange     '2.2.8',
239 silly addNameRange     '2.2.9',
239 silly addNameRange     '2.2.10',
239 silly addNameRange     '2.2.11',
239 silly addNameRange     '2.2.12',
239 silly addNameRange     '2.2.13',
239 silly addNameRange     '2.2.14',
239 silly addNameRange     '2.2.15',
239 silly addNameRange     '2.2.16',
239 silly addNameRange     '2.2.17',
239 silly addNameRange     '2.2.18',
239 silly addNameRange     '2.2.19',
239 silly addNameRange     '2.2.20',
239 silly addNameRange     '3.0.0',
239 silly addNameRange     '3.0.1',
239 silly addNameRange     '3.0.2',
239 silly addNameRange     '3.0.3',
239 silly addNameRange     '3.0.4',
239 silly addNameRange     '3.0.5',
239 silly addNameRange     '3.0.6',
239 silly addNameRange     '3.0.7' ] ]
240 silly addNamed gulp-util@3.0.7
241 verbose addNamed "3.0.7" is a plain semver version for gulp-util
242 silly resolveWithNewModule v8flags@2.0.11 checking installable status
243 silly cache add args [ 'v8flags@^2.0.2', null ]
244 verbose cache add spec v8flags@^2.0.2
245 silly cache add parsed spec Result {
245 silly cache add   raw: 'v8flags@^2.0.2',
245 silly cache add   scope: null,
245 silly cache add   name: 'v8flags',
245 silly cache add   rawSpec: '^2.0.2',
245 silly cache add   spec: '>=2.0.2 <3.0.0',
245 silly cache add   type: 'range' }
246 silly addNamed v8flags@>=2.0.2 <3.0.0
247 verbose addNamed ">=2.0.2 <3.0.0" is a valid semver range for v8flags
248 silly addNameRange { name: 'v8flags', range: '>=2.0.2 <3.0.0', hasData: false }
249 silly mapToRegistry name v8flags
250 silly mapToRegistry using default registry
251 silly mapToRegistry registry https://registry.npmjs.org/
252 silly mapToRegistry uri https://registry.npmjs.org/v8flags
253 verbose addNameRange registry:https://registry.npmjs.org/v8flags not in flight; fetching
254 http 200 https://registry.npmjs.org/orchestrator
255 verbose headers { server: 'CouchDB/1.5.0 (Erlang OTP/R16B03)',
255 verbose headers   etag: '"CMGBTQWXIPEC79DL1WJR9PG9H"',
255 verbose headers   'content-type': 'application/json',
255 verbose headers   'content-encoding': 'gzip',
255 verbose headers   'cache-control': 'max-age=300',
255 verbose headers   'content-length': '6303',
255 verbose headers   'accept-ranges': 'bytes',
255 verbose headers   date: 'Wed, 01 Jun 2016 23:24:38 GMT',
255 verbose headers   via: '1.1 varnish',
255 verbose headers   age: '104',
255 verbose headers   connection: 'keep-alive',
255 verbose headers   'x-served-by': 'cache-lhr6345-LHR',
255 verbose headers   'x-cache': 'HIT',
255 verbose headers   'x-cache-hits': '1',
255 verbose headers   'x-timer': 'S1464823478.129759,VS0,VE0',
255 verbose headers   vary: 'Accept-Encoding' }
256 silly get cb [ 200,
256 silly get   { server: 'CouchDB/1.5.0 (Erlang OTP/R16B03)',
256 silly get     etag: '"CMGBTQWXIPEC79DL1WJR9PG9H"',
256 silly get     'content-type': 'application/json',
256 silly get     'content-encoding': 'gzip',
256 silly get     'cache-control': 'max-age=300',
256 silly get     'content-length': '6303',
256 silly get     'accept-ranges': 'bytes',
256 silly get     date: 'Wed, 01 Jun 2016 23:24:38 GMT',
256 silly get     via: '1.1 varnish',
256 silly get     age: '104',
256 silly get     connection: 'keep-alive',
256 silly get     'x-served-by': 'cache-lhr6345-LHR',
256 silly get     'x-cache': 'HIT',
256 silly get     'x-cache-hits': '1',
256 silly get     'x-timer': 'S1464823478.129759,VS0,VE0',
256 silly get     vary: 'Accept-Encoding' } ]
257 verbose get saving orchestrator to /Users/bmy/.npm/registry.npmjs.org/orchestrator/.cache.json
258 verbose correctMkdir /Users/bmy/.npm correctMkdir not in flight; initializing
259 verbose get https://registry.npmjs.org/pretty-hrtime not expired, no request
260 silly addNameRange number 2 { name: 'pretty-hrtime', range: '>=1.0.0 <2.0.0', hasData: true }
261 silly addNameRange versions [ 'pretty-hrtime',
261 silly addNameRange   [ '0.2.0', '0.2.1', '0.2.2', '1.0.0', '1.0.1', '1.0.2' ] ]
262 silly addNamed pretty-hrtime@1.0.2
263 verbose addNamed "1.0.2" is a plain semver version for pretty-hrtime
264 verbose get https://registry.npmjs.org/v8flags not expired, no request
265 silly addNameRange number 2 { name: 'v8flags', range: '>=2.0.2 <3.0.0', hasData: true }
266 silly addNameRange versions [ 'v8flags',
266 silly addNameRange   [ '0.1.0',
266 silly addNameRange     '0.2.0',
266 silly addNameRange     '0.3.0',
266 silly addNameRange     '1.0.0',
266 silly addNameRange     '1.0.1',
266 silly addNameRange     '1.0.2',
266 silly addNameRange     '1.0.3',
266 silly addNameRange     '1.0.4',
266 silly addNameRange     '1.0.5',
266 silly addNameRange     '1.0.6',
266 silly addNameRange     '1.0.7',
266 silly addNameRange     '1.0.8',
266 silly addNameRange     '2.0.0',
266 silly addNameRange     '2.0.2',
266 silly addNameRange     '2.0.3',
266 silly addNameRange     '2.0.4',
266 silly addNameRange     '2.0.5',
266 silly addNameRange     '2.0.6',
266 silly addNameRange     '2.0.7',
266 silly addNameRange     '2.0.8',
266 silly addNameRange     '2.0.9',
266 silly addNameRange     '2.0.10',
266 silly addNameRange     '2.0.11' ] ]
267 silly addNamed v8flags@2.0.11
268 verbose addNamed "2.0.11" is a plain semver version for v8flags
269 silly resolveWithNewModule deprecated@0.0.1 checking installable status
270 silly cache add args [ 'deprecated@^0.0.1', null ]
271 verbose cache add spec deprecated@^0.0.1
272 silly cache add parsed spec Result {
272 silly cache add   raw: 'deprecated@^0.0.1',
272 silly cache add   scope: null,
272 silly cache add   name: 'deprecated',
272 silly cache add   rawSpec: '^0.0.1',
272 silly cache add   spec: '>=0.0.1 <0.0.2',
272 silly cache add   type: 'range' }
273 silly addNamed deprecated@>=0.0.1 <0.0.2
274 verbose addNamed ">=0.0.1 <0.0.2" is a valid semver range for deprecated
275 silly addNameRange { name: 'deprecated', range: '>=0.0.1 <0.0.2', hasData: false }
276 silly mapToRegistry name deprecated
277 silly mapToRegistry using default registry
278 silly mapToRegistry registry https://registry.npmjs.org/
279 silly mapToRegistry uri https://registry.npmjs.org/deprecated
280 verbose addNameRange registry:https://registry.npmjs.org/deprecated not in flight; fetching
281 silly resolveWithNewModule tildify@1.2.0 checking installable status
282 silly cache add args [ 'tildify@^1.0.0', null ]
283 verbose cache add spec tildify@^1.0.0
284 silly cache add parsed spec Result {
284 silly cache add   raw: 'tildify@^1.0.0',
284 silly cache add   scope: null,
284 silly cache add   name: 'tildify',
284 silly cache add   rawSpec: '^1.0.0',
284 silly cache add   spec: '>=1.0.0 <2.0.0',
284 silly cache add   type: 'range' }
285 silly addNamed tildify@>=1.0.0 <2.0.0
286 verbose addNamed ">=1.0.0 <2.0.0" is a valid semver range for tildify
287 silly addNameRange { name: 'tildify', range: '>=1.0.0 <2.0.0', hasData: false }
288 silly mapToRegistry name tildify
289 silly mapToRegistry using default registry
290 silly mapToRegistry registry https://registry.npmjs.org/
291 silly mapToRegistry uri https://registry.npmjs.org/tildify
292 verbose addNameRange registry:https://registry.npmjs.org/tildify not in flight; fetching
293 silly cache afterAdd gulp-util@3.0.7
294 verbose afterAdd /Users/bmy/.npm/gulp-util/3.0.7/package/package.json not in flight; writing
295 verbose correctMkdir /Users/bmy/.npm correctMkdir not in flight; initializing
296 silly cache afterAdd pretty-hrtime@1.0.2
297 verbose afterAdd /Users/bmy/.npm/pretty-hrtime/1.0.2/package/package.json not in flight; writing
298 verbose correctMkdir /Users/bmy/.npm correctMkdir not in flight; initializing
299 silly resolveWithNewModule orchestrator@0.3.7 checking installable status
300 silly cache add args [ 'orchestrator@^0.3.0', null ]
301 verbose cache add spec orchestrator@^0.3.0
302 silly cache add parsed spec Result {
302 silly cache add   raw: 'orchestrator@^0.3.0',
302 silly cache add   scope: null,
302 silly cache add   name: 'orchestrator',
302 silly cache add   rawSpec: '^0.3.0',
302 silly cache add   spec: '>=0.3.0 <0.4.0',
302 silly cache add   type: 'range' }
303 silly addNamed orchestrator@>=0.3.0 <0.4.0
304 verbose addNamed ">=0.3.0 <0.4.0" is a valid semver range for orchestrator
305 silly addNameRange { name: 'orchestrator', range: '>=0.3.0 <0.4.0', hasData: false }
306 silly mapToRegistry name orchestrator
307 silly mapToRegistry using default registry
308 silly mapToRegistry registry https://registry.npmjs.org/
309 silly mapToRegistry uri https://registry.npmjs.org/orchestrator
310 verbose addNameRange registry:https://registry.npmjs.org/orchestrator not in flight; fetching
311 verbose get https://registry.npmjs.org/deprecated not expired, no request
312 silly addNameRange number 2 { name: 'deprecated', range: '>=0.0.1 <0.0.2', hasData: true }
313 silly addNameRange versions [ 'deprecated', [ '0.0.1' ] ]
314 silly addNamed deprecated@0.0.1
315 verbose addNamed "0.0.1" is a plain semver version for deprecated
316 verbose get https://registry.npmjs.org/tildify not expired, no request
317 silly addNameRange number 2 { name: 'tildify', range: '>=1.0.0 <2.0.0', hasData: true }
318 silly addNameRange versions [ 'tildify',
318 silly addNameRange   [ '0.1.0', '0.2.0', '1.0.0', '1.1.0', '1.1.1', '1.1.2', '1.2.0' ] ]
319 silly addNamed tildify@1.2.0
320 verbose addNamed "1.2.0" is a plain semver version for tildify
321 silly cache afterAdd v8flags@2.0.11
322 verbose afterAdd /Users/bmy/.npm/v8flags/2.0.11/package/package.json not in flight; writing
323 verbose correctMkdir /Users/bmy/.npm correctMkdir not in flight; initializing
324 verbose afterAdd /Users/bmy/.npm/gulp-util/3.0.7/package/package.json written
325 silly mapToRegistry name tildify
326 silly mapToRegistry using default registry
327 silly mapToRegistry registry https://registry.npmjs.org/
328 silly mapToRegistry uri https://registry.npmjs.org/tildify
329 verbose addRemoteTarball https://registry.npmjs.org/tildify/-/tildify-1.2.0.tgz not in flight; adding
330 verbose addRemoteTarball [ 'https://registry.npmjs.org/tildify/-/tildify-1.2.0.tgz',
330 verbose addRemoteTarball   'dcec03f55dca9b7aa3e5b04f21817eb56e63588a' ]
331 verbose afterAdd /Users/bmy/.npm/pretty-hrtime/1.0.2/package/package.json written
332 verbose get https://registry.npmjs.org/orchestrator not expired, no request
333 silly addNameRange number 2 { name: 'orchestrator', range: '>=0.3.0 <0.4.0', hasData: true }
334 silly addNameRange versions [ 'orchestrator',
334 silly addNameRange   [ '0.0.2',
334 silly addNameRange     '0.0.3',
334 silly addNameRange     '0.0.4',
334 silly addNameRange     '0.0.5',
334 silly addNameRange     '0.0.6',
334 silly addNameRange     '0.0.7',
334 silly addNameRange     '0.0.8',
334 silly addNameRange     '0.1.0',
334 silly addNameRange     '0.2.0',
334 silly addNameRange     '0.2.1',
334 silly addNameRange     '0.3.0',
334 silly addNameRange     '0.3.1',
334 silly addNameRange     '0.3.3',
334 silly addNameRange     '0.3.4',
334 silly addNameRange     '0.3.5',
334 silly addNameRange     '0.3.6',
334 silly addNameRange     '0.3.7' ] ]
335 silly addNamed orchestrator@0.3.7
336 verbose addNamed "0.3.7" is a plain semver version for orchestrator
337 verbose afterAdd /Users/bmy/.npm/v8flags/2.0.11/package/package.json written
338 silly cache afterAdd deprecated@0.0.1
339 verbose afterAdd /Users/bmy/.npm/deprecated/0.0.1/package/package.json not in flight; writing
340 verbose correctMkdir /Users/bmy/.npm correctMkdir not in flight; initializing
341 info retry fetch attempt 1 at 7:24:37 AM
342 info attempt registry request try #1 at 7:24:37 AM
343 http fetch GET https://registry.npmjs.org/tildify/-/tildify-1.2.0.tgz
344 silly cache afterAdd orchestrator@0.3.7
345 verbose afterAdd /Users/bmy/.npm/orchestrator/0.3.7/package/package.json not in flight; writing
346 verbose correctMkdir /Users/bmy/.npm correctMkdir not in flight; initializing
347 verbose afterAdd /Users/bmy/.npm/deprecated/0.0.1/package/package.json written
348 verbose afterAdd /Users/bmy/.npm/orchestrator/0.3.7/package/package.json written
349 http 200 https://registry.npmjs.org/vinyl-fs
350 verbose headers { server: 'CouchDB/1.5.0 (Erlang OTP/R16B03)',
350 verbose headers   etag: '"DI3HWQ4WKY72Y80FNQ4L28KQ4"',
350 verbose headers   'content-type': 'application/json',
350 verbose headers   'content-encoding': 'gzip',
350 verbose headers   'cache-control': 'max-age=300',
350 verbose headers   'content-length': '11090',
350 verbose headers   'accept-ranges': 'bytes',
350 verbose headers   date: 'Wed, 01 Jun 2016 23:24:38 GMT',
350 verbose headers   via: '1.1 varnish',
350 verbose headers   age: '284',
350 verbose headers   connection: 'keep-alive',
350 verbose headers   'x-served-by': 'cache-lhr6340-LHR',
350 verbose headers   'x-cache': 'HIT',
350 verbose headers   'x-cache-hits': '3',
350 verbose headers   'x-timer': 'S1464823478.098794,VS0,VE0',
350 verbose headers   vary: 'Accept-Encoding' }
351 silly get cb [ 200,
351 silly get   { server: 'CouchDB/1.5.0 (Erlang OTP/R16B03)',
351 silly get     etag: '"DI3HWQ4WKY72Y80FNQ4L28KQ4"',
351 silly get     'content-type': 'application/json',
351 silly get     'content-encoding': 'gzip',
351 silly get     'cache-control': 'max-age=300',
351 silly get     'content-length': '11090',
351 silly get     'accept-ranges': 'bytes',
351 silly get     date: 'Wed, 01 Jun 2016 23:24:38 GMT',
351 silly get     via: '1.1 varnish',
351 silly get     age: '284',
351 silly get     connection: 'keep-alive',
351 silly get     'x-served-by': 'cache-lhr6340-LHR',
351 silly get     'x-cache': 'HIT',
351 silly get     'x-cache-hits': '3',
351 silly get     'x-timer': 'S1464823478.098794,VS0,VE0',
351 silly get     vary: 'Accept-Encoding' } ]
352 verbose get saving vinyl-fs to /Users/bmy/.npm/registry.npmjs.org/vinyl-fs/.cache.json
353 verbose correctMkdir /Users/bmy/.npm correctMkdir not in flight; initializing
354 silly resolveWithNewModule vinyl-fs@0.3.14 checking installable status
355 silly cache add args [ 'vinyl-fs@^0.3.0', null ]
356 verbose cache add spec vinyl-fs@^0.3.0
357 silly cache add parsed spec Result {
357 silly cache add   raw: 'vinyl-fs@^0.3.0',
357 silly cache add   scope: null,
357 silly cache add   name: 'vinyl-fs',
357 silly cache add   rawSpec: '^0.3.0',
357 silly cache add   spec: '>=0.3.0 <0.4.0',
357 silly cache add   type: 'range' }
358 silly addNamed vinyl-fs@>=0.3.0 <0.4.0
359 verbose addNamed ">=0.3.0 <0.4.0" is a valid semver range for vinyl-fs
360 silly addNameRange { name: 'vinyl-fs', range: '>=0.3.0 <0.4.0', hasData: false }
361 silly mapToRegistry name vinyl-fs
362 silly mapToRegistry using default registry
363 silly mapToRegistry registry https://registry.npmjs.org/
364 silly mapToRegistry uri https://registry.npmjs.org/vinyl-fs
365 verbose addNameRange registry:https://registry.npmjs.org/vinyl-fs not in flight; fetching
366 verbose get https://registry.npmjs.org/vinyl-fs not expired, no request
367 silly addNameRange number 2 { name: 'vinyl-fs', range: '>=0.3.0 <0.4.0', hasData: true }
368 silly addNameRange versions [ 'vinyl-fs',
368 silly addNameRange   [ '0.0.1',
368 silly addNameRange     '0.0.2',
368 silly addNameRange     '0.1.0',
368 silly addNameRange     '0.1.1',
368 silly addNameRange     '0.1.2',
368 silly addNameRange     '0.1.3',
368 silly addNameRange     '0.1.4',
368 silly addNameRange     '0.2.0',
368 silly addNameRange     '0.2.1',
368 silly addNameRange     '0.3.0',
368 silly addNameRange     '0.3.1',
368 silly addNameRange     '0.3.2',
368 silly addNameRange     '0.3.3',
368 silly addNameRange     '0.3.4',
368 silly addNameRange     '0.3.5',
368 silly addNameRange     '0.3.6',
368 silly addNameRange     '0.3.7',
368 silly addNameRange     '0.3.8',
368 silly addNameRange     '0.3.9',
368 silly addNameRange     '0.3.10',
368 silly addNameRange     '0.3.11',
368 silly addNameRange     '0.3.12',
368 silly addNameRange     '0.3.13',
368 silly addNameRange     '1.0.0',
368 silly addNameRange     '0.3.14',
368 silly addNameRange     '2.0.0',
368 silly addNameRange     '2.1.0',
368 silly addNameRange     '2.1.1',
368 silly addNameRange     '2.2.0',
368 silly addNameRange     '2.2.1',
368 silly addNameRange     '2.3.0',
368 silly addNameRange     '2.3.1',
368 silly addNameRange     '2.3.2',
368 silly addNameRange     '2.3.3',
368 silly addNameRange     '2.3.4',
368 silly addNameRange     '2.4.0',
368 silly addNameRange     '2.4.1',
368 silly addNameRange     '2.4.2',
368 silly addNameRange     '2.4.3' ] ]
369 silly addNamed vinyl-fs@0.3.14
370 verbose addNamed "0.3.14" is a plain semver version for vinyl-fs
371 silly cache afterAdd vinyl-fs@0.3.14
372 verbose afterAdd /Users/bmy/.npm/vinyl-fs/0.3.14/package/package.json not in flight; writing
373 verbose correctMkdir /Users/bmy/.npm correctMkdir not in flight; initializing
374 verbose afterAdd /Users/bmy/.npm/vinyl-fs/0.3.14/package/package.json written
375 http 200 https://registry.npmjs.org/minimist
376 verbose headers { server: 'CouchDB/1.5.0 (Erlang OTP/R16B03)',
376 verbose headers   etag: '"6WYQRB61MFPPSGGUX40OUX4JM"',
376 verbose headers   'content-type': 'application/json',
376 verbose headers   'content-encoding': 'gzip',
376 verbose headers   'cache-control': 'max-age=300',
376 verbose headers   'content-length': '5533',
376 verbose headers   'accept-ranges': 'bytes',
376 verbose headers   date: 'Wed, 01 Jun 2016 23:24:38 GMT',
376 verbose headers   via: '1.1 varnish',
376 verbose headers   age: '131',
376 verbose headers   connection: 'keep-alive',
376 verbose headers   'x-served-by': 'cache-lhr6332-LHR',
376 verbose headers   'x-cache': 'HIT',
376 verbose headers   'x-cache-hits': '2',
376 verbose headers   'x-timer': 'S1464823478.093749,VS0,VE0',
376 verbose headers   vary: 'Accept-Encoding' }
377 silly get cb [ 200,
377 silly get   { server: 'CouchDB/1.5.0 (Erlang OTP/R16B03)',
377 silly get     etag: '"6WYQRB61MFPPSGGUX40OUX4JM"',
377 silly get     'content-type': 'application/json',
377 silly get     'content-encoding': 'gzip',
377 silly get     'cache-control': 'max-age=300',
377 silly get     'content-length': '5533',
377 silly get     'accept-ranges': 'bytes',
377 silly get     date: 'Wed, 01 Jun 2016 23:24:38 GMT',
377 silly get     via: '1.1 varnish',
377 silly get     age: '131',
377 silly get     connection: 'keep-alive',
377 silly get     'x-served-by': 'cache-lhr6332-LHR',
377 silly get     'x-cache': 'HIT',
377 silly get     'x-cache-hits': '2',
377 silly get     'x-timer': 'S1464823478.093749,VS0,VE0',
377 silly get     vary: 'Accept-Encoding' } ]
378 verbose get saving minimist to /Users/bmy/.npm/registry.npmjs.org/minimist/.cache.json
379 verbose correctMkdir /Users/bmy/.npm correctMkdir not in flight; initializing
380 silly resolveWithNewModule minimist@1.2.0 checking installable status
381 silly cache add args [ 'minimist@^1.1.0', null ]
382 verbose cache add spec minimist@^1.1.0
383 silly cache add parsed spec Result {
383 silly cache add   raw: 'minimist@^1.1.0',
383 silly cache add   scope: null,
383 silly cache add   name: 'minimist',
383 silly cache add   rawSpec: '^1.1.0',
383 silly cache add   spec: '>=1.1.0 <2.0.0',
383 silly cache add   type: 'range' }
384 silly addNamed minimist@>=1.1.0 <2.0.0
385 verbose addNamed ">=1.1.0 <2.0.0" is a valid semver range for minimist
386 silly addNameRange { name: 'minimist', range: '>=1.1.0 <2.0.0', hasData: false }
387 silly mapToRegistry name minimist
388 silly mapToRegistry using default registry
389 silly mapToRegistry registry https://registry.npmjs.org/
390 silly mapToRegistry uri https://registry.npmjs.org/minimist
391 verbose addNameRange registry:https://registry.npmjs.org/minimist not in flight; fetching
392 verbose get https://registry.npmjs.org/minimist not expired, no request
393 silly addNameRange number 2 { name: 'minimist', range: '>=1.1.0 <2.0.0', hasData: true }
394 silly addNameRange versions [ 'minimist',
394 silly addNameRange   [ '0.0.0',
394 silly addNameRange     '0.0.1',
394 silly addNameRange     '0.0.2',
394 silly addNameRange     '0.0.3',
394 silly addNameRange     '0.0.4',
394 silly addNameRange     '0.0.5',
394 silly addNameRange     '0.0.6',
394 silly addNameRange     '0.0.7',
394 silly addNameRange     '0.0.8',
394 silly addNameRange     '0.0.9',
394 silly addNameRange     '0.0.10',
394 silly addNameRange     '0.1.0',
394 silly addNameRange     '0.2.0',
394 silly addNameRange     '1.0.0',
394 silly addNameRange     '1.1.0',
394 silly addNameRange     '1.1.1',
394 silly addNameRange     '1.1.2',
394 silly addNameRange     '1.1.3',
394 silly addNameRange     '1.2.0' ] ]
395 silly addNamed minimist@1.2.0
396 verbose addNamed "1.2.0" is a plain semver version for minimist
397 silly cache afterAdd minimist@1.2.0
398 verbose afterAdd /Users/bmy/.npm/minimist/1.2.0/package/package.json not in flight; writing
399 verbose correctMkdir /Users/bmy/.npm correctMkdir not in flight; initializing
400 verbose afterAdd /Users/bmy/.npm/minimist/1.2.0/package/package.json written
401 http 200 https://registry.npmjs.org/liftoff
402 verbose headers { server: 'CouchDB/1.5.0 (Erlang OTP/R16B03)',
402 verbose headers   etag: '"50ZDBSS4OJRP9LNANVTXOIUPL"',
402 verbose headers   'content-type': 'application/json',
402 verbose headers   'content-encoding': 'gzip',
402 verbose headers   'cache-control': 'max-age=300',
402 verbose headers   'content-length': '10171',
402 verbose headers   'accept-ranges': 'bytes',
402 verbose headers   date: 'Wed, 01 Jun 2016 23:24:40 GMT',
402 verbose headers   via: '1.1 varnish',
402 verbose headers   age: '119',
402 verbose headers   connection: 'keep-alive',
402 verbose headers   'x-served-by': 'cache-lhr6345-LHR',
402 verbose headers   'x-cache': 'HIT',
402 verbose headers   'x-cache-hits': '2',
402 verbose headers   'x-timer': 'S1464823480.654829,VS0,VE0',
402 verbose headers   vary: 'Accept-Encoding' }
403 silly get cb [ 200,
403 silly get   { server: 'CouchDB/1.5.0 (Erlang OTP/R16B03)',
403 silly get     etag: '"50ZDBSS4OJRP9LNANVTXOIUPL"',
403 silly get     'content-type': 'application/json',
403 silly get     'content-encoding': 'gzip',
403 silly get     'cache-control': 'max-age=300',
403 silly get     'content-length': '10171',
403 silly get     'accept-ranges': 'bytes',
403 silly get     date: 'Wed, 01 Jun 2016 23:24:40 GMT',
403 silly get     via: '1.1 varnish',
403 silly get     age: '119',
403 silly get     connection: 'keep-alive',
403 silly get     'x-served-by': 'cache-lhr6345-LHR',
403 silly get     'x-cache': 'HIT',
403 silly get     'x-cache-hits': '2',
403 silly get     'x-timer': 'S1464823480.654829,VS0,VE0',
403 silly get     vary: 'Accept-Encoding' } ]
404 verbose get saving liftoff to /Users/bmy/.npm/registry.npmjs.org/liftoff/.cache.json
405 verbose correctMkdir /Users/bmy/.npm correctMkdir not in flight; initializing
406 silly resolveWithNewModule liftoff@2.2.1 checking installable status
407 silly cache add args [ 'liftoff@^2.1.0', null ]
408 verbose cache add spec liftoff@^2.1.0
409 silly cache add parsed spec Result {
409 silly cache add   raw: 'liftoff@^2.1.0',
409 silly cache add   scope: null,
409 silly cache add   name: 'liftoff',
409 silly cache add   rawSpec: '^2.1.0',
409 silly cache add   spec: '>=2.1.0 <3.0.0',
409 silly cache add   type: 'range' }
410 silly addNamed liftoff@>=2.1.0 <3.0.0
411 verbose addNamed ">=2.1.0 <3.0.0" is a valid semver range for liftoff
412 silly addNameRange { name: 'liftoff', range: '>=2.1.0 <3.0.0', hasData: false }
413 silly mapToRegistry name liftoff
414 silly mapToRegistry using default registry
415 silly mapToRegistry registry https://registry.npmjs.org/
416 silly mapToRegistry uri https://registry.npmjs.org/liftoff
417 verbose addNameRange registry:https://registry.npmjs.org/liftoff not in flight; fetching
418 verbose get https://registry.npmjs.org/liftoff not expired, no request
419 silly addNameRange number 2 { name: 'liftoff', range: '>=2.1.0 <3.0.0', hasData: true }
420 silly addNameRange versions [ 'liftoff',
420 silly addNameRange   [ '0.1.0',
420 silly addNameRange     '0.2.0',
420 silly addNameRange     '0.3.0',
420 silly addNameRange     '0.4.0',
420 silly addNameRange     '0.5.0',
420 silly addNameRange     '0.6.0',
420 silly addNameRange     '0.7.0',
420 silly addNameRange     '0.8.0',
420 silly addNameRange     '0.8.1',
420 silly addNameRange     '0.8.2',
420 silly addNameRange     '0.8.3',
420 silly addNameRange     '0.8.4',
420 silly addNameRange     '0.8.5',
420 silly addNameRange     '0.8.6',
420 silly addNameRange     '0.8.7',
420 silly addNameRange     '0.9.0',
420 silly addNameRange     '0.9.1',
420 silly addNameRange     '0.9.2',
420 silly addNameRange     '0.9.3',
420 silly addNameRange     '0.9.4',
420 silly addNameRange     '0.9.5',
420 silly addNameRange     '0.9.6',
420 silly addNameRange     '0.9.7',
420 silly addNameRange     '0.9.8',
420 silly addNameRange     '0.10.0',
420 silly addNameRange     '0.11.0',
420 silly addNameRange     '0.11.1',
420 silly addNameRange     '0.11.2',
420 silly addNameRange     '0.11.3',
420 silly addNameRange     '0.12.0',
420 silly addNameRange     '0.12.1',
420 silly addNameRange     '0.13.0',
420 silly addNameRange     '0.13.1',
420 silly addNameRange     '0.13.2',
420 silly addNameRange     '0.13.3',
420 silly addNameRange     '0.13.5',
420 silly addNameRange     '0.13.6',
420 silly addNameRange     '1.0.0',
420 silly addNameRange     '1.0.2',
420 silly addNameRange     '1.0.3',
420 silly addNameRange     '1.0.4',
420 silly addNameRange     '2.0.0',
420 silly addNameRange     '2.0.1',
420 silly addNameRange     '2.0.2',
420 silly addNameRange     '2.0.3',
420 silly addNameRange     '2.1.0',
420 silly addNameRange     '2.2.0',
420 silly addNameRange     '2.2.1' ] ]
421 silly addNamed liftoff@2.2.1
422 verbose addNamed "2.2.1" is a plain semver version for liftoff
423 silly mapToRegistry name liftoff
424 silly mapToRegistry using default registry
425 silly mapToRegistry registry https://registry.npmjs.org/
426 silly mapToRegistry uri https://registry.npmjs.org/liftoff
427 verbose addRemoteTarball https://registry.npmjs.org/liftoff/-/liftoff-2.2.1.tgz not in flight; adding
428 verbose addRemoteTarball [ 'https://registry.npmjs.org/liftoff/-/liftoff-2.2.1.tgz',
428 verbose addRemoteTarball   '8dfef848d3f441921c4a311fc3203ae9c34c41a7' ]
429 info retry fetch attempt 1 at 7:24:40 AM
430 info attempt registry request try #1 at 7:24:40 AM
431 http fetch GET https://registry.npmjs.org/liftoff/-/liftoff-2.2.1.tgz
432 http 200 https://registry.npmjs.org/semver
433 verbose headers { server: 'CouchDB/1.5.0 (Erlang OTP/R16B03)',
433 verbose headers   etag: '"73RQNQ3LIOZR5B0GVJT9MZIXA"',
433 verbose headers   'content-type': 'application/json',
433 verbose headers   'content-encoding': 'gzip',
433 verbose headers   'cache-control': 'max-age=300',
433 verbose headers   'content-length': '12925',
433 verbose headers   'accept-ranges': 'bytes',
433 verbose headers   date: 'Wed, 01 Jun 2016 23:24:41 GMT',
433 verbose headers   via: '1.1 varnish',
433 verbose headers   age: '25',
433 verbose headers   connection: 'keep-alive',
433 verbose headers   'x-served-by': 'cache-lhr6346-LHR',
433 verbose headers   'x-cache': 'HIT',
433 verbose headers   'x-cache-hits': '2',
433 verbose headers   'x-timer': 'S1464823481.460683,VS0,VE0',
433 verbose headers   vary: 'Accept-Encoding' }
434 silly get cb [ 200,
434 silly get   { server: 'CouchDB/1.5.0 (Erlang OTP/R16B03)',
434 silly get     etag: '"73RQNQ3LIOZR5B0GVJT9MZIXA"',
434 silly get     'content-type': 'application/json',
434 silly get     'content-encoding': 'gzip',
434 silly get     'cache-control': 'max-age=300',
434 silly get     'content-length': '12925',
434 silly get     'accept-ranges': 'bytes',
434 silly get     date: 'Wed, 01 Jun 2016 23:24:41 GMT',
434 silly get     via: '1.1 varnish',
434 silly get     age: '25',
434 silly get     connection: 'keep-alive',
434 silly get     'x-served-by': 'cache-lhr6346-LHR',
434 silly get     'x-cache': 'HIT',
434 silly get     'x-cache-hits': '2',
434 silly get     'x-timer': 'S1464823481.460683,VS0,VE0',
434 silly get     vary: 'Accept-Encoding' } ]
435 verbose get saving semver to /Users/bmy/.npm/registry.npmjs.org/semver/.cache.json
436 verbose correctMkdir /Users/bmy/.npm correctMkdir not in flight; initializing
437 silly resolveWithNewModule semver@4.3.6 checking installable status
438 silly cache add args [ 'semver@^4.1.0', null ]
439 verbose cache add spec semver@^4.1.0
440 silly cache add parsed spec Result {
440 silly cache add   raw: 'semver@^4.1.0',
440 silly cache add   scope: null,
440 silly cache add   name: 'semver',
440 silly cache add   rawSpec: '^4.1.0',
440 silly cache add   spec: '>=4.1.0 <5.0.0',
440 silly cache add   type: 'range' }
441 silly addNamed semver@>=4.1.0 <5.0.0
442 verbose addNamed ">=4.1.0 <5.0.0" is a valid semver range for semver
443 silly addNameRange { name: 'semver', range: '>=4.1.0 <5.0.0', hasData: false }
444 silly mapToRegistry name semver
445 silly mapToRegistry using default registry
446 silly mapToRegistry registry https://registry.npmjs.org/
447 silly mapToRegistry uri https://registry.npmjs.org/semver
448 verbose addNameRange registry:https://registry.npmjs.org/semver not in flight; fetching
449 verbose get https://registry.npmjs.org/semver not expired, no request
450 silly addNameRange number 2 { name: 'semver', range: '>=4.1.0 <5.0.0', hasData: true }
451 silly addNameRange versions [ 'semver',
451 silly addNameRange   [ '1.0.0',
451 silly addNameRange     '1.0.1',
451 silly addNameRange     '1.0.2',
451 silly addNameRange     '1.0.3',
451 silly addNameRange     '1.0.4',
451 silly addNameRange     '1.0.5',
451 silly addNameRange     '1.0.6',
451 silly addNameRange     '1.0.7',
451 silly addNameRange     '1.0.8',
451 silly addNameRange     '1.0.9',
451 silly addNameRange     '1.0.10',
451 silly addNameRange     '1.0.11',
451 silly addNameRange     '1.0.12',
451 silly addNameRange     '1.0.13',
451 silly addNameRange     '1.0.14',
451 silly addNameRange     '1.1.0',
451 silly addNameRange     '1.1.1',
451 silly addNameRange     '1.1.2',
451 silly addNameRange     '1.1.3',
451 silly addNameRange     '1.1.4',
451 silly addNameRange     '2.0.0-alpha',
451 silly addNameRange     '2.0.0-beta',
451 silly addNameRange     '2.0.1',
451 silly addNameRange     '2.0.2',
451 silly addNameRange     '2.0.3',
451 silly addNameRange     '2.0.4',
451 silly addNameRange     '2.0.5',
451 silly addNameRange     '2.0.6',
451 silly addNameRange     '2.0.7',
451 silly addNameRange     '2.0.8',
451 silly addNameRange     '2.0.9',
451 silly addNameRange     '2.0.10',
451 silly addNameRange     '2.0.11',
451 silly addNameRange     '2.1.0',
451 silly addNameRange     '2.2.0',
451 silly addNameRange     '2.2.1',
451 silly addNameRange     '2.3.0',
451 silly addNameRange     '2.3.1',
451 silly addNameRange     '2.3.2',
451 silly addNameRange     '3.0.0',
451 silly addNameRange     '3.0.1',
451 silly addNameRange     '4.0.0',
451 silly addNameRange     '4.0.2',
451 silly addNameRange     '4.0.3',
451 silly addNameRange     '4.1.0',
451 silly addNameRange     '4.1.1',
451 silly addNameRange     '4.2.0',
451 silly addNameRange     '4.2.1',
451 silly addNameRange     '4.2.2',
451 silly addNameRange     '4.3.0',
451 silly addNameRange     '4.3.1',
451 silly addNameRange     '4.3.2',
451 silly addNameRange     '4.3.3',
451 silly addNameRange     '4.3.4',
451 silly addNameRange     '4.3.5',
451 silly addNameRange     '4.3.6',
451 silly addNameRange     '5.0.0',
451 silly addNameRange     '5.0.1',
451 silly addNameRange     '5.0.2',
451 silly addNameRange     '5.0.3',
451 silly addNameRange     '5.1.0' ] ]
452 silly addNamed semver@4.3.6
453 verbose addNamed "4.3.6" is a plain semver version for semver
454 silly cache afterAdd semver@4.3.6
455 verbose afterAdd /Users/bmy/.npm/semver/4.3.6/package/package.json not in flight; writing
456 verbose correctMkdir /Users/bmy/.npm correctMkdir not in flight; initializing
457 verbose afterAdd /Users/bmy/.npm/semver/4.3.6/package/package.json written
458 http 200 https://registry.npmjs.org/interpret
459 verbose headers { server: 'CouchDB/1.5.0 (Erlang OTP/R16B03)',
459 verbose headers   etag: '"E180NDEZXDVXXFU7RX8YYPK7A"',
459 verbose headers   'content-type': 'application/json',
459 verbose headers   'content-encoding': 'gzip',
459 verbose headers   'cache-control': 'max-age=300',
459 verbose headers   'content-length': '5721',
459 verbose headers   'accept-ranges': 'bytes',
459 verbose headers   date: 'Wed, 01 Jun 2016 23:24:42 GMT',
459 verbose headers   via: '1.1 varnish',
459 verbose headers   age: '181',
459 verbose headers   connection: 'keep-alive',
459 verbose headers   'x-served-by': 'cache-lhr6338-LHR',
459 verbose headers   'x-cache': 'HIT',
459 verbose headers   'x-cache-hits': '1',
459 verbose headers   'x-timer': 'S1464823482.147123,VS0,VE0',
459 verbose headers   vary: 'Accept-Encoding' }
460 silly get cb [ 200,
460 silly get   { server: 'CouchDB/1.5.0 (Erlang OTP/R16B03)',
460 silly get     etag: '"E180NDEZXDVXXFU7RX8YYPK7A"',
460 silly get     'content-type': 'application/json',
460 silly get     'content-encoding': 'gzip',
460 silly get     'cache-control': 'max-age=300',
460 silly get     'content-length': '5721',
460 silly get     'accept-ranges': 'bytes',
460 silly get     date: 'Wed, 01 Jun 2016 23:24:42 GMT',
460 silly get     via: '1.1 varnish',
460 silly get     age: '181',
460 silly get     connection: 'keep-alive',
460 silly get     'x-served-by': 'cache-lhr6338-LHR',
460 silly get     'x-cache': 'HIT',
460 silly get     'x-cache-hits': '1',
460 silly get     'x-timer': 'S1464823482.147123,VS0,VE0',
460 silly get     vary: 'Accept-Encoding' } ]
461 verbose get saving interpret to /Users/bmy/.npm/registry.npmjs.org/interpret/.cache.json
462 verbose correctMkdir /Users/bmy/.npm correctMkdir not in flight; initializing
463 silly resolveWithNewModule interpret@1.0.1 checking installable status
464 silly cache add args [ 'interpret@^1.0.0', null ]
465 verbose cache add spec interpret@^1.0.0
466 silly cache add parsed spec Result {
466 silly cache add   raw: 'interpret@^1.0.0',
466 silly cache add   scope: null,
466 silly cache add   name: 'interpret',
466 silly cache add   rawSpec: '^1.0.0',
466 silly cache add   spec: '>=1.0.0 <2.0.0',
466 silly cache add   type: 'range' }
467 silly addNamed interpret@>=1.0.0 <2.0.0
468 verbose addNamed ">=1.0.0 <2.0.0" is a valid semver range for interpret
469 silly addNameRange { name: 'interpret', range: '>=1.0.0 <2.0.0', hasData: false }
470 silly mapToRegistry name interpret
471 silly mapToRegistry using default registry
472 silly mapToRegistry registry https://registry.npmjs.org/
473 silly mapToRegistry uri https://registry.npmjs.org/interpret
474 verbose addNameRange registry:https://registry.npmjs.org/interpret not in flight; fetching
475 verbose get https://registry.npmjs.org/interpret not expired, no request
476 silly addNameRange number 2 { name: 'interpret', range: '>=1.0.0 <2.0.0', hasData: true }
477 silly addNameRange versions [ 'interpret',
477 silly addNameRange   [ '0.1.0',
477 silly addNameRange     '0.2.0',
477 silly addNameRange     '0.3.0',
477 silly addNameRange     '0.3.1',
477 silly addNameRange     '0.3.2',
477 silly addNameRange     '0.3.3',
477 silly addNameRange     '0.3.4',
477 silly addNameRange     '0.3.5',
477 silly addNameRange     '0.3.6',
477 silly addNameRange     '0.3.7',
477 silly addNameRange     '0.3.8',
477 silly addNameRange     '0.3.9',
477 silly addNameRange     '0.3.10',
477 silly addNameRange     '0.4.0',
477 silly addNameRange     '0.4.1',
477 silly addNameRange     '0.4.2',
477 silly addNameRange     '0.4.3',
477 silly addNameRange     '0.5.0',
477 silly addNameRange     '0.5.1',
477 silly addNameRange     '0.5.2',
477 silly addNameRange     '0.6.0',
477 silly addNameRange     '0.6.1',
477 silly addNameRange     '0.6.2',
477 silly addNameRange     '0.6.3',
477 silly addNameRange     '0.6.4',
477 silly addNameRange     '0.6.5',
477 silly addNameRange     '0.6.6',
477 silly addNameRange     '1.0.0',
477 silly addNameRange     '1.0.1' ] ]
478 silly addNamed interpret@1.0.1
479 verbose addNamed "1.0.1" is a plain semver version for interpret
480 silly mapToRegistry name interpret
481 silly mapToRegistry using default registry
482 silly mapToRegistry registry https://registry.npmjs.org/
483 silly mapToRegistry uri https://registry.npmjs.org/interpret
484 verbose addRemoteTarball https://registry.npmjs.org/interpret/-/interpret-1.0.1.tgz not in flight; adding
485 verbose addRemoteTarball [ 'https://registry.npmjs.org/interpret/-/interpret-1.0.1.tgz',
485 verbose addRemoteTarball   'd579fb7f693b858004947af39fa0db49f795602c' ]
486 info retry fetch attempt 1 at 7:24:41 AM
487 info attempt registry request try #1 at 7:24:41 AM
488 http fetch GET https://registry.npmjs.org/interpret/-/interpret-1.0.1.tgz
489 http fetch 200 https://registry.npmjs.org/interpret/-/interpret-1.0.1.tgz
490 silly fetchAndShaCheck shasum d579fb7f693b858004947af39fa0db49f795602c
491 verbose addTmpTarball /var/folders/zt/c5h3dml95dg8nsv9d0w0_yqc0000gn/T/npm-11410-9d0eaf76/registry.npmjs.org/interpret/-/interpret-1.0.1.tgz not in flight; adding
492 verbose addTmpTarball already have metadata; skipping unpack for interpret@1.0.1
493 verbose correctMkdir /Users/bmy/.npm correctMkdir not in flight; initializing
494 silly cache afterAdd interpret@1.0.1
495 verbose afterAdd /Users/bmy/.npm/interpret/1.0.1/package/package.json not in flight; writing
496 verbose correctMkdir /Users/bmy/.npm correctMkdir not in flight; initializing
497 verbose afterAdd /Users/bmy/.npm/interpret/1.0.1/package/package.json written
498 http fetch 200 https://registry.npmjs.org/liftoff/-/liftoff-2.2.1.tgz
499 silly fetchAndShaCheck shasum 8dfef848d3f441921c4a311fc3203ae9c34c41a7
500 verbose addTmpTarball /var/folders/zt/c5h3dml95dg8nsv9d0w0_yqc0000gn/T/npm-11410-9d0eaf76/registry.npmjs.org/liftoff/-/liftoff-2.2.1.tgz not in flight; adding
501 verbose addTmpTarball already have metadata; skipping unpack for liftoff@2.2.1
502 verbose correctMkdir /Users/bmy/.npm correctMkdir not in flight; initializing
503 silly cache afterAdd liftoff@2.2.1
504 verbose afterAdd /Users/bmy/.npm/liftoff/2.2.1/package/package.json not in flight; writing
505 verbose correctMkdir /Users/bmy/.npm correctMkdir not in flight; initializing
506 verbose afterAdd /Users/bmy/.npm/liftoff/2.2.1/package/package.json written
507 http 200 https://registry.npmjs.org/archy
508 verbose headers { server: 'CouchDB/1.5.0 (Erlang OTP/R16B03)',
508 verbose headers   etag: '"3F2SL60GEI57B3XFK4RQFTL2K"',
508 verbose headers   'content-type': 'application/json',
508 verbose headers   'content-encoding': 'gzip',
508 verbose headers   'cache-control': 'max-age=300',
508 verbose headers   'content-length': '2124',
508 verbose headers   'accept-ranges': 'bytes',
508 verbose headers   date: 'Wed, 01 Jun 2016 23:24:57 GMT',
508 verbose headers   via: '1.1 varnish',
508 verbose headers   age: '196',
508 verbose headers   connection: 'keep-alive',
508 verbose headers   'x-served-by': 'cache-lhr6345-LHR',
508 verbose headers   'x-cache': 'HIT',
508 verbose headers   'x-cache-hits': '1',
508 verbose headers   'x-timer': 'S1464823497.856689,VS0,VE0',
508 verbose headers   vary: 'Accept-Encoding' }
509 silly get cb [ 200,
509 silly get   { server: 'CouchDB/1.5.0 (Erlang OTP/R16B03)',
509 silly get     etag: '"3F2SL60GEI57B3XFK4RQFTL2K"',
509 silly get     'content-type': 'application/json',
509 silly get     'content-encoding': 'gzip',
509 silly get     'cache-control': 'max-age=300',
509 silly get     'content-length': '2124',
509 silly get     'accept-ranges': 'bytes',
509 silly get     date: 'Wed, 01 Jun 2016 23:24:57 GMT',
509 silly get     via: '1.1 varnish',
509 silly get     age: '196',
509 silly get     connection: 'keep-alive',
509 silly get     'x-served-by': 'cache-lhr6345-LHR',
509 silly get     'x-cache': 'HIT',
509 silly get     'x-cache-hits': '1',
509 silly get     'x-timer': 'S1464823497.856689,VS0,VE0',
509 silly get     vary: 'Accept-Encoding' } ]
510 verbose get saving archy to /Users/bmy/.npm/registry.npmjs.org/archy/.cache.json
511 verbose correctMkdir /Users/bmy/.npm correctMkdir not in flight; initializing
512 silly resolveWithNewModule archy@1.0.0 checking installable status
513 silly cache add args [ 'archy@^1.0.0', null ]
514 verbose cache add spec archy@^1.0.0
515 silly cache add parsed spec Result {
515 silly cache add   raw: 'archy@^1.0.0',
515 silly cache add   scope: null,
515 silly cache add   name: 'archy',
515 silly cache add   rawSpec: '^1.0.0',
515 silly cache add   spec: '>=1.0.0 <2.0.0',
515 silly cache add   type: 'range' }
516 silly addNamed archy@>=1.0.0 <2.0.0
517 verbose addNamed ">=1.0.0 <2.0.0" is a valid semver range for archy
518 silly addNameRange { name: 'archy', range: '>=1.0.0 <2.0.0', hasData: false }
519 silly mapToRegistry name archy
520 silly mapToRegistry using default registry
521 silly mapToRegistry registry https://registry.npmjs.org/
522 silly mapToRegistry uri https://registry.npmjs.org/archy
523 verbose addNameRange registry:https://registry.npmjs.org/archy not in flight; fetching
524 verbose get https://registry.npmjs.org/archy not expired, no request
525 silly addNameRange number 2 { name: 'archy', range: '>=1.0.0 <2.0.0', hasData: true }
526 silly addNameRange versions [ 'archy', [ '0.0.0', '0.0.1', '0.0.2', '1.0.0' ] ]
527 silly addNamed archy@1.0.0
528 verbose addNamed "1.0.0" is a plain semver version for archy
529 silly cache afterAdd archy@1.0.0
530 verbose afterAdd /Users/bmy/.npm/archy/1.0.0/package/package.json not in flight; writing
531 verbose correctMkdir /Users/bmy/.npm correctMkdir not in flight; initializing
532 verbose afterAdd /Users/bmy/.npm/archy/1.0.0/package/package.json written
533 http 200 https://registry.npmjs.org/chalk
534 verbose headers { server: 'CouchDB/1.5.0 (Erlang OTP/R16B03)',
534 verbose headers   etag: '"730JLOBTXHSPLXUPBGLN40SGF"',
534 verbose headers   'content-type': 'application/json',
534 verbose headers   'content-encoding': 'gzip',
534 verbose headers   'cache-control': 'max-age=300',
534 verbose headers   'content-length': '8787',
534 verbose headers   'accept-ranges': 'bytes',
534 verbose headers   date: 'Wed, 01 Jun 2016 23:30:05 GMT',
534 verbose headers   via: '1.1 varnish',
534 verbose headers   age: '234',
534 verbose headers   connection: 'keep-alive',
534 verbose headers   'x-served-by': 'cache-lhr6324-LHR',
534 verbose headers   'x-cache': 'HIT',
534 verbose headers   'x-cache-hits': '3',
534 verbose headers   'x-timer': 'S1464823805.660503,VS0,VE0',
534 verbose headers   vary: 'Accept-Encoding' }
535 silly get cb [ 200,
535 silly get   { server: 'CouchDB/1.5.0 (Erlang OTP/R16B03)',
535 silly get     etag: '"730JLOBTXHSPLXUPBGLN40SGF"',
535 silly get     'content-type': 'application/json',
535 silly get     'content-encoding': 'gzip',
535 silly get     'cache-control': 'max-age=300',
535 silly get     'content-length': '8787',
535 silly get     'accept-ranges': 'bytes',
535 silly get     date: 'Wed, 01 Jun 2016 23:30:05 GMT',
535 silly get     via: '1.1 varnish',
535 silly get     age: '234',
535 silly get     connection: 'keep-alive',
535 silly get     'x-served-by': 'cache-lhr6324-LHR',
535 silly get     'x-cache': 'HIT',
535 silly get     'x-cache-hits': '3',
535 silly get     'x-timer': 'S1464823805.660503,VS0,VE0',
535 silly get     vary: 'Accept-Encoding' } ]
536 verbose get saving chalk to /Users/bmy/.npm/registry.npmjs.org/chalk/.cache.json
537 verbose correctMkdir /Users/bmy/.npm correctMkdir not in flight; initializing
538 silly resolveWithNewModule chalk@1.1.3 checking installable status
539 silly cache add args [ 'chalk@^1.0.0', null ]
540 verbose cache add spec chalk@^1.0.0
541 silly cache add parsed spec Result {
541 silly cache add   raw: 'chalk@^1.0.0',
541 silly cache add   scope: null,
541 silly cache add   name: 'chalk',
541 silly cache add   rawSpec: '^1.0.0',
541 silly cache add   spec: '>=1.0.0 <2.0.0',
541 silly cache add   type: 'range' }
542 silly addNamed chalk@>=1.0.0 <2.0.0
543 verbose addNamed ">=1.0.0 <2.0.0" is a valid semver range for chalk
544 silly addNameRange { name: 'chalk', range: '>=1.0.0 <2.0.0', hasData: false }
545 silly mapToRegistry name chalk
546 silly mapToRegistry using default registry
547 silly mapToRegistry registry https://registry.npmjs.org/
548 silly mapToRegistry uri https://registry.npmjs.org/chalk
549 verbose addNameRange registry:https://registry.npmjs.org/chalk not in flight; fetching
550 verbose get https://registry.npmjs.org/chalk not expired, no request
551 silly addNameRange number 2 { name: 'chalk', range: '>=1.0.0 <2.0.0', hasData: true }
552 silly addNameRange versions [ 'chalk',
552 silly addNameRange   [ '0.1.0',
552 silly addNameRange     '0.1.1',
552 silly addNameRange     '0.2.0',
552 silly addNameRange     '0.2.1',
552 silly addNameRange     '0.3.0',
552 silly addNameRange     '0.4.0',
552 silly addNameRange     '0.5.0',
552 silly addNameRange     '0.5.1',
552 silly addNameRange     '1.0.0',
552 silly addNameRange     '1.1.0',
552 silly addNameRange     '1.1.1',
552 silly addNameRange     '1.1.2',
552 silly addNameRange     '1.1.3' ] ]
553 silly addNamed chalk@1.1.3
554 verbose addNamed "1.1.3" is a plain semver version for chalk
555 silly mapToRegistry name chalk
556 silly mapToRegistry using default registry
557 silly mapToRegistry registry https://registry.npmjs.org/
558 silly mapToRegistry uri https://registry.npmjs.org/chalk
559 verbose addRemoteTarball https://registry.npmjs.org/chalk/-/chalk-1.1.3.tgz not in flight; adding
560 verbose addRemoteTarball [ 'https://registry.npmjs.org/chalk/-/chalk-1.1.3.tgz',
560 verbose addRemoteTarball   'a8115c55e4a702fe4d150abd3872822a7e09fc98' ]
561 info retry fetch attempt 1 at 7:30:04 AM
562 info attempt registry request try #1 at 7:30:04 AM
563 http fetch GET https://registry.npmjs.org/chalk/-/chalk-1.1.3.tgz
564 info retry will retry, error on last attempt: Error: read ETIMEDOUT
565 info attempt registry request try #2 at 7:30:55 AM
566 http fetch GET https://registry.npmjs.org/tildify/-/tildify-1.2.0.tgz
567 http fetch 200 https://registry.npmjs.org/tildify/-/tildify-1.2.0.tgz
568 silly fetchAndShaCheck shasum dcec03f55dca9b7aa3e5b04f21817eb56e63588a
569 verbose addTmpTarball /var/folders/zt/c5h3dml95dg8nsv9d0w0_yqc0000gn/T/npm-11410-9d0eaf76/registry.npmjs.org/tildify/-/tildify-1.2.0.tgz not in flight; adding
570 verbose addTmpTarball already have metadata; skipping unpack for tildify@1.2.0
571 verbose correctMkdir /Users/bmy/.npm correctMkdir not in flight; initializing
572 silly cache afterAdd tildify@1.2.0
573 verbose afterAdd /Users/bmy/.npm/tildify/1.2.0/package/package.json not in flight; writing
574 verbose correctMkdir /Users/bmy/.npm correctMkdir not in flight; initializing
575 verbose afterAdd /Users/bmy/.npm/tildify/1.2.0/package/package.json written
576 http fetch 200 https://registry.npmjs.org/chalk/-/chalk-1.1.3.tgz
577 silly fetchAndShaCheck shasum a8115c55e4a702fe4d150abd3872822a7e09fc98
578 verbose addTmpTarball /var/folders/zt/c5h3dml95dg8nsv9d0w0_yqc0000gn/T/npm-11410-9d0eaf76/registry.npmjs.org/chalk/-/chalk-1.1.3.tgz not in flight; adding
579 verbose addTmpTarball already have metadata; skipping unpack for chalk@1.1.3
580 verbose correctMkdir /Users/bmy/.npm correctMkdir not in flight; initializing
581 silly cache afterAdd chalk@1.1.3
582 verbose afterAdd /Users/bmy/.npm/chalk/1.1.3/package/package.json not in flight; writing
583 verbose correctMkdir /Users/bmy/.npm correctMkdir not in flight; initializing
584 verbose afterAdd /Users/bmy/.npm/chalk/1.1.3/package/package.json written
585 silly fetchNamedPackageData ansi-styles
586 silly mapToRegistry name ansi-styles
587 silly mapToRegistry using default registry
588 silly mapToRegistry registry https://registry.npmjs.org/
589 silly mapToRegistry uri https://registry.npmjs.org/ansi-styles
590 silly fetchNamedPackageData escape-string-regexp
591 silly mapToRegistry name escape-string-regexp
592 silly mapToRegistry using default registry
593 silly mapToRegistry registry https://registry.npmjs.org/
594 silly mapToRegistry uri https://registry.npmjs.org/escape-string-regexp
595 silly fetchNamedPackageData has-ansi
596 silly mapToRegistry name has-ansi
597 silly mapToRegistry using default registry
598 silly mapToRegistry registry https://registry.npmjs.org/
599 silly mapToRegistry uri https://registry.npmjs.org/has-ansi
600 silly fetchNamedPackageData strip-ansi
601 silly mapToRegistry name strip-ansi
602 silly mapToRegistry using default registry
603 silly mapToRegistry registry https://registry.npmjs.org/
604 silly mapToRegistry uri https://registry.npmjs.org/strip-ansi
605 silly fetchNamedPackageData supports-color
606 silly mapToRegistry name supports-color
607 silly mapToRegistry using default registry
608 silly mapToRegistry registry https://registry.npmjs.org/
609 silly mapToRegistry uri https://registry.npmjs.org/supports-color
610 verbose request uri https://registry.npmjs.org/strip-ansi
611 verbose request no auth needed
612 info attempt registry request try #1 at 7:32:46 AM
613 verbose etag "9PSPFNUEMY709RG0YI7YR0RYU"
614 http request GET https://registry.npmjs.org/strip-ansi
615 verbose request uri https://registry.npmjs.org/ansi-styles
616 verbose request no auth needed
617 info attempt registry request try #1 at 7:32:46 AM
618 verbose etag "EV2PWNKG7E0JWLFLC91SGWA9O"
619 http request GET https://registry.npmjs.org/ansi-styles
620 verbose request uri https://registry.npmjs.org/has-ansi
621 verbose request no auth needed
622 info attempt registry request try #1 at 7:32:46 AM
623 verbose etag "BBDMGI1OGAVY5ZWT2355AH7Y1"
624 http request GET https://registry.npmjs.org/has-ansi
625 verbose request uri https://registry.npmjs.org/escape-string-regexp
626 verbose request no auth needed
627 info attempt registry request try #1 at 7:32:46 AM
628 verbose etag "BO6X0Q949NALK20NKPPHXQBXY"
629 http request GET https://registry.npmjs.org/escape-string-regexp
630 verbose request uri https://registry.npmjs.org/supports-color
631 verbose request no auth needed
632 info attempt registry request try #1 at 7:32:46 AM
633 verbose etag "91QPISXHGSPQQAUI4IY5OE9UJ"
634 http request GET https://registry.npmjs.org/supports-color
635 http 200 https://registry.npmjs.org/escape-string-regexp
636 verbose headers { server: 'CouchDB/1.5.0 (Erlang OTP/R16B03)',
636 verbose headers   etag: '"6KTGFS9RIPM29TUJQ6RDLQRVA"',
636 verbose headers   'content-type': 'application/json',
636 verbose headers   'content-encoding': 'gzip',
636 verbose headers   'cache-control': 'max-age=300',
636 verbose headers   'content-length': '1913',
636 verbose headers   'accept-ranges': 'bytes',
636 verbose headers   date: 'Wed, 01 Jun 2016 23:32:52 GMT',
636 verbose headers   via: '1.1 varnish',
636 verbose headers   age: '119',
636 verbose headers   connection: 'keep-alive',
636 verbose headers   'x-served-by': 'cache-lcy1122-LCY',
636 verbose headers   'x-cache': 'HIT',
636 verbose headers   'x-cache-hits': '5',
636 verbose headers   'x-timer': 'S1464823972.122431,VS0,VE0',
636 verbose headers   vary: 'Accept-Encoding' }
637 silly get cb [ 200,
637 silly get   { server: 'CouchDB/1.5.0 (Erlang OTP/R16B03)',
637 silly get     etag: '"6KTGFS9RIPM29TUJQ6RDLQRVA"',
637 silly get     'content-type': 'application/json',
637 silly get     'content-encoding': 'gzip',
637 silly get     'cache-control': 'max-age=300',
637 silly get     'content-length': '1913',
637 silly get     'accept-ranges': 'bytes',
637 silly get     date: 'Wed, 01 Jun 2016 23:32:52 GMT',
637 silly get     via: '1.1 varnish',
637 silly get     age: '119',
637 silly get     connection: 'keep-alive',
637 silly get     'x-served-by': 'cache-lcy1122-LCY',
637 silly get     'x-cache': 'HIT',
637 silly get     'x-cache-hits': '5',
637 silly get     'x-timer': 'S1464823972.122431,VS0,VE0',
637 silly get     vary: 'Accept-Encoding' } ]
638 verbose get saving escape-string-regexp to /Users/bmy/.npm/registry.npmjs.org/escape-string-regexp/.cache.json
639 verbose correctMkdir /Users/bmy/.npm correctMkdir not in flight; initializing
640 silly resolveWithNewModule escape-string-regexp@1.0.5 checking installable status
641 silly cache add args [ 'escape-string-regexp@^1.0.2', null ]
642 verbose cache add spec escape-string-regexp@^1.0.2
643 silly cache add parsed spec Result {
643 silly cache add   raw: 'escape-string-regexp@^1.0.2',
643 silly cache add   scope: null,
643 silly cache add   name: 'escape-string-regexp',
643 silly cache add   rawSpec: '^1.0.2',
643 silly cache add   spec: '>=1.0.2 <2.0.0',
643 silly cache add   type: 'range' }
644 silly addNamed escape-string-regexp@>=1.0.2 <2.0.0
645 verbose addNamed ">=1.0.2 <2.0.0" is a valid semver range for escape-string-regexp
646 silly addNameRange { name: 'escape-string-regexp',
646 silly addNameRange   range: '>=1.0.2 <2.0.0',
646 silly addNameRange   hasData: false }
647 silly mapToRegistry name escape-string-regexp
648 silly mapToRegistry using default registry
649 silly mapToRegistry registry https://registry.npmjs.org/
650 silly mapToRegistry uri https://registry.npmjs.org/escape-string-regexp
651 verbose addNameRange registry:https://registry.npmjs.org/escape-string-regexp not in flight; fetching
652 verbose get https://registry.npmjs.org/escape-string-regexp not expired, no request
653 silly addNameRange number 2 { name: 'escape-string-regexp',
653 silly addNameRange   range: '>=1.0.2 <2.0.0',
653 silly addNameRange   hasData: true }
654 silly addNameRange versions [ 'escape-string-regexp',
654 silly addNameRange   [ '1.0.0', '1.0.1', '1.0.2', '1.0.3', '1.0.4', '1.0.5' ] ]
655 silly addNamed escape-string-regexp@1.0.5
656 verbose addNamed "1.0.5" is a plain semver version for escape-string-regexp
657 silly cache afterAdd escape-string-regexp@1.0.5
658 verbose afterAdd /Users/bmy/.npm/escape-string-regexp/1.0.5/package/package.json not in flight; writing
659 verbose correctMkdir /Users/bmy/.npm correctMkdir not in flight; initializing
660 verbose afterAdd /Users/bmy/.npm/escape-string-regexp/1.0.5/package/package.json written
661 verbose stack Error: read ECONNRESET
661 verbose stack     at exports._errnoException (util.js:860:11)
661 verbose stack     at TLSWrap.onread (net.js:544:26)
662 verbose cwd /Users/bmy/program/eventslin/macaron_cdmc
663 error Darwin 13.4.0
664 error argv "/usr/local/Cellar/node/0.10.35_2/bin/node" "/usr/local/bin/npm" "install" "gulp"
665 error node v5.0.0
666 error npm  v3.8.2
667 error code ECONNRESET
668 error errno ECONNRESET
669 error syscall read
670 error network read ECONNRESET
671 error network This is most likely not a problem with npm itself
671 error network and is related to network connectivity.
671 error network In most cases you are behind a proxy or have bad network settings.
671 error network
671 error network If you are behind a proxy, please make sure that the
671 error network 'proxy' config is set properly.  See: 'npm help config'
672 verbose exit [ 1, true ]
